
  .   ____          _            __ _ _
 /\\ / ___'_ __ _ _(_)_ __  __ _ \ \ \ \
( ( )\___ | '_ | '_| | '_ \/ _` | \ \ \ \
 \\/  ___)| |_)| | | | | || (_| |  ) ) ) )
  '  |____| .__|_| |_|_| |_\__, | / / / /
 =========|_|==============|___/=/_/_/_/

 :: Spring Boot ::                (v3.4.1)

2026-07-01T20:02:10.233-05:00  INFO 3864 --- [zenpay-backend] [           main] com.zenpay.ZenPayApplication             : Starting ZenPayApplication v1.0.0 using Java 21.0.6 with PID 3864 (C:\Users\Vanes\Desktop\ZenPay\backend\target\zenpay-backend-1.0.0.jar started by Vanes in C:\)
2026-07-01T20:02:10.245-05:00 DEBUG 3864 --- [zenpay-backend] [           main] com.zenpay.ZenPayApplication             : Running with Spring Boot v3.4.1, Spring v6.2.1
2026-07-01T20:02:10.249-05:00  INFO 3864 --- [zenpay-backend] [           main] com.zenpay.ZenPayApplication             : No active profile set, falling back to 1 default profile: "default"
2026-07-01T20:02:19.033-05:00  INFO 3864 --- [zenpay-backend] [           main] .s.d.r.c.RepositoryConfigurationDelegate : Bootstrapping Spring Data JPA repositories in DEFAULT mode.
2026-07-01T20:02:19.855-05:00  INFO 3864 --- [zenpay-backend] [           main] .s.d.r.c.RepositoryConfigurationDelegate : Finished Spring Data repository scanning in 740 ms. Found 24 JPA repository interfaces.
2026-07-01T20:02:28.832-05:00  INFO 3864 --- [zenpay-backend] [           main] o.s.b.w.embedded.tomcat.TomcatWebServer  : Tomcat initialized with port 8080 (http)
2026-07-01T20:02:28.916-05:00  INFO 3864 --- [zenpay-backend] [           main] o.apache.catalina.core.StandardService   : Starting service [Tomcat]
2026-07-01T20:02:28.920-05:00  INFO 3864 --- [zenpay-backend] [           main] o.apache.catalina.core.StandardEngine    : Starting Servlet engine: [Apache Tomcat/10.1.34]
2026-07-01T20:02:29.183-05:00  INFO 3864 --- [zenpay-backend] [           main] o.a.c.c.C.[Tomcat].[localhost].[/]       : Initializing Spring embedded WebApplicationContext
2026-07-01T20:02:29.191-05:00  INFO 3864 --- [zenpay-backend] [           main] w.s.c.ServletWebServerApplicationContext : Root WebApplicationContext: initialization completed in 18536 ms
2026-07-01T20:02:33.879-05:00  INFO 3864 --- [zenpay-backend] [           main] com.zaxxer.hikari.HikariDataSource       : HikariPool-1 - Starting...
2026-07-01T20:02:35.653-05:00  INFO 3864 --- [zenpay-backend] [           main] com.zaxxer.hikari.pool.HikariPool        : HikariPool-1 - Added connection org.postgresql.jdbc.PgConnection@391dfe7c
2026-07-01T20:02:35.662-05:00  INFO 3864 --- [zenpay-backend] [           main] com.zaxxer.hikari.HikariDataSource       : HikariPool-1 - Start completed.
2026-07-01T20:02:35.806-05:00  INFO 3864 --- [zenpay-backend] [           main] org.flywaydb.core.FlywayExecutor         : Database: jdbc:postgresql://localhost:5432/zenpay (PostgreSQL 17.10)
2026-07-01T20:02:36.288-05:00  INFO 3864 --- [zenpay-backend] [           main] o.f.core.internal.command.DbValidate     : Successfully validated 6 migrations (execution time 00:00.333s)
2026-07-01T20:02:36.367-05:00  INFO 3864 --- [zenpay-backend] [           main] o.f.core.internal.command.DbMigrate      : Current version of schema "public": 7
2026-07-01T20:02:36.416-05:00  INFO 3864 --- [zenpay-backend] [           main] o.f.core.internal.command.DbMigrate      : Schema "public" is up to date. No migration necessary.
2026-07-01T20:02:37.079-05:00  INFO 3864 --- [zenpay-backend] [           main] o.hibernate.jpa.internal.util.LogHelper  : HHH000204: Processing PersistenceUnitInfo [name: default]
2026-07-01T20:02:37.354-05:00  INFO 3864 --- [zenpay-backend] [           main] org.hibernate.Version                    : HHH000412: Hibernate ORM core version 6.6.4.Final
2026-07-01T20:02:37.501-05:00  INFO 3864 --- [zenpay-backend] [           main] o.h.c.internal.RegionFactoryInitiator    : HHH000026: Second-level cache disabled
2026-07-01T20:02:38.951-05:00  INFO 3864 --- [zenpay-backend] [           main] o.s.o.j.p.SpringPersistenceUnitInfo      : No LoadTimeWeaver setup: ignoring JPA class transformer
2026-07-01T20:02:39.304-05:00  WARN 3864 --- [zenpay-backend] [           main] org.hibernate.orm.deprecation            : HHH90000025: PostgreSQLDialect does not need to be specified explicitly using 'hibernate.dialect' (remove the property setting and it will be selected by default)
2026-07-01T20:02:39.566-05:00  INFO 3864 --- [zenpay-backend] [           main] org.hibernate.orm.connections.pooling    : HHH10001005: Database info:
	Database JDBC URL [Connecting through datasource 'HikariDataSource (HikariPool-1)']
	Database driver: undefined/unknown
	Database version: 17.10
	Autocommit mode: undefined/unknown
	Isolation level: undefined/unknown
	Minimum pool size: undefined/unknown
	Maximum pool size: undefined/unknown
2026-07-01T20:02:49.807-05:00  INFO 3864 --- [zenpay-backend] [           main] o.h.e.t.j.p.i.JtaPlatformInitiator       : HHH000489: No JTA platform available (set 'hibernate.transaction.jta.platform' to enable JTA platform integration)
2026-07-01T20:02:50.017-05:00  INFO 3864 --- [zenpay-backend] [           main] j.LocalContainerEntityManagerFactoryBean : Initialized JPA EntityManagerFactory for persistence unit 'default'
2026-07-01T20:02:53.443-05:00 DEBUG 3864 --- [zenpay-backend] [           main] c.z.i.security.JwtAuthenticationFilter   : Filter 'jwtAuthenticationFilter' configured for use
2026-07-01T20:02:55.679-05:00  INFO 3864 --- [zenpay-backend] [           main] r$InitializeUserDetailsManagerConfigurer : Global AuthenticationManager configured with UserDetailsService bean with name customUserDetailsService
2026-07-01T20:02:59.528-05:00  WARN 3864 --- [zenpay-backend] [           main] JpaBaseConfiguration$JpaWebConfiguration : spring.jpa.open-in-view is enabled by default. Therefore, database queries may be performed during view rendering. Explicitly configure spring.jpa.open-in-view to disable this warning
2026-07-01T20:03:03.510-05:00  INFO 3864 --- [zenpay-backend] [           main] o.s.b.a.e.web.EndpointLinksResolver      : Exposing 1 endpoint beneath base path '/actuator'
2026-07-01T20:03:07.678-05:00  INFO 3864 --- [zenpay-backend] [           main] o.s.b.w.embedded.tomcat.TomcatWebServer  : Tomcat started on port 8080 (http) with context path '/'
2026-07-01T20:03:07.778-05:00  INFO 3864 --- [zenpay-backend] [           main] com.zenpay.ZenPayApplication             : Started ZenPayApplication in 61.474 seconds (process running for 64.985)
2026-07-01T20:07:13.242-05:00  INFO 3864 --- [zenpay-backend] [nio-8080-exec-1] o.a.c.c.C.[Tomcat].[localhost].[/]       : Initializing Spring DispatcherServlet 'dispatcherServlet'
2026-07-01T20:07:13.247-05:00  INFO 3864 --- [zenpay-backend] [nio-8080-exec-1] o.s.web.servlet.DispatcherServlet        : Initializing Servlet 'dispatcherServlet'
2026-07-01T20:07:13.267-05:00  INFO 3864 --- [zenpay-backend] [nio-8080-exec-1] o.s.web.servlet.DispatcherServlet        : Completed initialization in 17 ms
2026-07-01T20:07:22.529-05:00  INFO 3864 --- [zenpay-backend] [nio-8080-exec-7] o.springdoc.api.AbstractOpenApiResource  : Init duration for springdoc-openapi is: 7262 ms
