
  .   ____          _            __ _ _
 /\\ / ___'_ __ _ _(_)_ __  __ _ \ \ \ \
( ( )\___ | '_ | '_| | '_ \/ _` | \ \ \ \
 \\/  ___)| |_)| | | | | || (_| |  ) ) ) )
  '  |____| .__|_| |_|_| |_\__, | / / / /
 =========|_|==============|___/=/_/_/_/

 :: Spring Boot ::                (v3.4.1)

2026-07-03T16:04:45.370-05:00  INFO 39332 --- [zenpay-backend] [           main] com.zenpay.ZenPayApplication             : Starting ZenPayApplication v1.0.0 using Java 21.0.6 with PID 39332 (C:\Users\Vanes\Desktop\ZenPay\backend\target\zenpay-backend-1.0.0.jar started by Vanes in C:\)
2026-07-03T16:04:45.394-05:00 DEBUG 39332 --- [zenpay-backend] [           main] com.zenpay.ZenPayApplication             : Running with Spring Boot v3.4.1, Spring v6.2.1
2026-07-03T16:04:45.399-05:00  INFO 39332 --- [zenpay-backend] [           main] com.zenpay.ZenPayApplication             : No active profile set, falling back to 1 default profile: "default"
2026-07-03T16:07:55.875-05:00  INFO 39332 --- [zenpay-backend] [           main] .s.d.r.c.RepositoryConfigurationDelegate : Bootstrapping Spring Data JPA repositories in DEFAULT mode.
2026-07-03T16:07:58.566-05:00  INFO 39332 --- [zenpay-backend] [           main] .s.d.r.c.RepositoryConfigurationDelegate : Finished Spring Data repository scanning in 2246 ms. Found 24 JPA repository interfaces.
2026-07-03T16:10:57.766-05:00  INFO 39332 --- [zenpay-backend] [           main] o.s.b.w.embedded.tomcat.TomcatWebServer  : Tomcat initialized with port 8080 (http)
2026-07-03T16:11:05.515-05:00  INFO 39332 --- [zenpay-backend] [           main] o.apache.catalina.core.StandardService   : Starting service [Tomcat]
2026-07-03T16:11:05.531-05:00  INFO 39332 --- [zenpay-backend] [           main] o.apache.catalina.core.StandardEngine    : Starting Servlet engine: [Apache Tomcat/10.1.34]
2026-07-03T16:11:17.133-05:00  INFO 39332 --- [zenpay-backend] [           main] o.a.c.c.C.[Tomcat].[localhost].[/]       : Initializing Spring embedded WebApplicationContext
2026-07-03T16:11:17.175-05:00  INFO 39332 --- [zenpay-backend] [           main] w.s.c.ServletWebServerApplicationContext : Root WebApplicationContext: initialization completed in 390427 ms
2026-07-03T16:12:56.218-05:00  INFO 39332 --- [zenpay-backend] [           main] com.zaxxer.hikari.HikariDataSource       : HikariPool-1 - Starting...
2026-07-03T16:13:05.412-05:00  INFO 39332 --- [zenpay-backend] [           main] com.zaxxer.hikari.pool.HikariPool        : HikariPool-1 - Added connection org.postgresql.jdbc.PgConnection@63c4d16
2026-07-03T16:13:05.429-05:00  INFO 39332 --- [zenpay-backend] [           main] com.zaxxer.hikari.HikariDataSource       : HikariPool-1 - Start completed.
2026-07-03T16:13:09.239-05:00  INFO 39332 --- [zenpay-backend] [           main] org.flywaydb.core.FlywayExecutor         : Database: jdbc:postgresql://localhost:5432/zenpay (PostgreSQL 17.10)
2026-07-03T16:13:14.027-05:00  INFO 39332 --- [zenpay-backend] [           main] o.f.core.internal.command.DbMigrate      : Current version of schema "public": 12
2026-07-03T16:13:14.054-05:00  INFO 39332 --- [zenpay-backend] [           main] o.f.core.internal.command.DbMigrate      : Schema "public" is up to date. No migration necessary.
2026-07-03T16:13:20.246-05:00  INFO 39332 --- [zenpay-backend] [           main] o.hibernate.jpa.internal.util.LogHelper  : HHH000204: Processing PersistenceUnitInfo [name: default]
2026-07-03T16:13:24.387-05:00  INFO 39332 --- [zenpay-backend] [           main] org.hibernate.Version                    : HHH000412: Hibernate ORM core version 6.6.4.Final
2026-07-03T16:13:30.846-05:00  INFO 39332 --- [zenpay-backend] [           main] o.h.c.internal.RegionFactoryInitiator    : HHH000026: Second-level cache disabled
2026-07-03T16:13:45.413-05:00  INFO 39332 --- [zenpay-backend] [           main] o.s.o.j.p.SpringPersistenceUnitInfo      : No LoadTimeWeaver setup: ignoring JPA class transformer
2026-07-03T16:13:46.620-05:00  WARN 39332 --- [zenpay-backend] [           main] org.hibernate.orm.deprecation            : HHH90000025: PostgreSQLDialect does not need to be specified explicitly using 'hibernate.dialect' (remove the property setting and it will be selected by default)
2026-07-03T16:13:46.909-05:00  INFO 39332 --- [zenpay-backend] [           main] org.hibernate.orm.connections.pooling    : HHH10001005: Database info:
	Database JDBC URL [Connecting through datasource 'HikariDataSource (HikariPool-1)']
	Database driver: undefined/unknown
	Database version: 17.10
	Autocommit mode: undefined/unknown
	Isolation level: undefined/unknown
	Minimum pool size: undefined/unknown
	Maximum pool size: undefined/unknown
2026-07-03T16:15:06.423-05:00  INFO 39332 --- [zenpay-backend] [           main] o.h.e.t.j.p.i.JtaPlatformInitiator       : HHH000489: No JTA platform available (set 'hibernate.transaction.jta.platform' to enable JTA platform integration)
2026-07-03T16:15:06.919-05:00  INFO 39332 --- [zenpay-backend] [           main] j.LocalContainerEntityManagerFactoryBean : Initialized JPA EntityManagerFactory for persistence unit 'default'
2026-07-03T16:15:15.540-05:00 DEBUG 39332 --- [zenpay-backend] [           main] c.z.i.security.JwtAuthenticationFilter   : Filter 'jwtAuthenticationFilter' configured for use
2026-07-03T16:15:28.174-05:00  INFO 39332 --- [zenpay-backend] [           main] r$InitializeUserDetailsManagerConfigurer : Global AuthenticationManager configured with UserDetailsService bean with name customUserDetailsService
2026-07-03T16:15:34.077-05:00  WARN 39332 --- [zenpay-backend] [           main] JpaBaseConfiguration$JpaWebConfiguration : spring.jpa.open-in-view is enabled by default. Therefore, database queries may be performed during view rendering. Explicitly configure spring.jpa.open-in-view to disable this warning
2026-07-03T16:15:44.252-05:00  INFO 39332 --- [zenpay-backend] [           main] o.s.b.a.e.web.EndpointLinksResolver      : Exposing 1 endpoint beneath base path '/actuator'
2026-07-03T16:15:45.341-05:00 DEBUG 39332 --- [zenpay-backend] [           main] o.s.s.web.DefaultSecurityFilterChain     : Will secure any request with filters: DisableEncodeUrlFilter, WebAsyncManagerIntegrationFilter, SecurityContextHolderFilter, HeaderWriterFilter, CorsFilter, LogoutFilter, JwtAuthenticationFilter, RequestCacheAwareFilter, SecurityContextHolderAwareRequestFilter, AnonymousAuthenticationFilter, SessionManagementFilter, ExceptionTranslationFilter, AuthorizationFilter
2026-07-03T16:15:50.447-05:00  INFO 39332 --- [zenpay-backend] [           main] o.s.b.w.embedded.tomcat.TomcatWebServer  : Tomcat started on port 8080 (http) with context path '/'
2026-07-03T16:15:50.619-05:00  INFO 39332 --- [zenpay-backend] [           main] com.zenpay.ZenPayApplication             : Started ZenPayApplication in 691.733 seconds (process running for 728.001)
2026-07-03T18:10:49.227-05:00  WARN 39332 --- [zenpay-backend] [l-1 housekeeper] com.zaxxer.hikari.pool.HikariPool        : HikariPool-1 - Thread starvation or clock leap detected (housekeeper delta=38m40s179ms53µs).
2026-07-03T19:54:07.728-05:00  WARN 39332 --- [zenpay-backend] [l-1 housekeeper] com.zaxxer.hikari.pool.HikariPool        : HikariPool-1 - Thread starvation or clock leap detected (housekeeper delta=55s910ms280µs200ns).
2026-07-03T19:55:14.102-05:00  WARN 39332 --- [zenpay-backend] [l-1 housekeeper] com.zaxxer.hikari.pool.HikariPool        : HikariPool-1 - Thread starvation or clock leap detected (housekeeper delta=1m24s593ms445µs100ns).
